<?xml version="1.0" encoding="UTF-8"?>
<!-- Generated by org.testng.reporters.JUnitReportReporter -->
<testsuite hostname="JVZ2.local" name="com.google.sitebricks.TemplateLoaderTest" tests="5" failures="0" timestamp="26 Feb 2012 20:22:11 GMT" time="0.008" errors="0">
  <testcase name="testItShouldLoadShowValueFromWebInf" time="0.004" classname="com.google.sitebricks.TemplateLoaderTest"/>
  <testcase name="loadExplicitXmlTemplate" time="0.001" classname="com.google.sitebricks.TemplateLoaderTest"/>
  <testcase name="loadExplicitXmlTemplate" time="0.001" classname="com.google.sitebricks.TemplateLoaderTest"/>
  <testcase name="loadExplicitXmlTemplate" time="0.001" classname="com.google.sitebricks.TemplateLoaderTest"/>
  <testcase name="loadExplicitXmlTemplate" time="0.001" classname="com.google.sitebricks.TemplateLoaderTest"/>
</testsuite> <!-- com.google.sitebricks.TemplateLoaderTest -->
