<?xml version="1.0" encoding="UTF-8"?>
<!-- Generated by org.testng.reporters.JUnitReportReporter -->
<testsuite hostname="JVZ2.local" name="com.google.sitebricks.EdslTest" tests="1" failures="0" timestamp="26 Feb 2012 20:22:11 GMT" time="0.020" errors="0">
  <testcase name="edsl" time="0.020" classname="com.google.sitebricks.EdslTest"/>
</testsuite> <!-- com.google.sitebricks.EdslTest -->
