<?xml version="1.0" encoding="UTF-8"?>
<!-- Generated by org.testng.reporters.JUnitReportReporter -->
<testsuite hostname="JVZ2.local" name="com.google.sitebricks.compiler.FreemarkerTemplateCompilerTest" tests="9" failures="0" timestamp="26 Feb 2012 03:12:59 GMT" time="0.135" errors="0">
  <testcase name="readHtmlWidget" time="0.006" classname="com.google.sitebricks.compiler.FreemarkerTemplateCompilerTest"/>
  <testcase name="readAWidgetWithVariousExpressions" time="0.085" classname="com.google.sitebricks.compiler.FreemarkerTemplateCompilerTest"/>
  <testcase name="readShowIfWidgetFalse" time="0.003" classname="com.google.sitebricks.compiler.FreemarkerTemplateCompilerTest"/>
  <testcase name="readShowIfWidgetTrue" time="0.001" classname="com.google.sitebricks.compiler.FreemarkerTemplateCompilerTest"/>
  <testcase name="readAWidgetWithVariousExpressions" time="0.003" classname="com.google.sitebricks.compiler.FreemarkerTemplateCompilerTest"/>
  <testcase name="annotationKeyExtraction" time="0.002" classname="com.google.sitebricks.compiler.FreemarkerTemplateCompilerTest"/>
  <testcase name="readHtmlWidgetWithChildren" time="0.002" classname="com.google.sitebricks.compiler.FreemarkerTemplateCompilerTest"/>
  <testcase name="readTextWidgetValues" time="0.003" classname="com.google.sitebricks.compiler.FreemarkerTemplateCompilerTest"/>
  <testcase name="readAWidgetWithVariousExpressions" time="0.030" classname="com.google.sitebricks.compiler.FreemarkerTemplateCompilerTest"/>
</testsuite> <!-- com.google.sitebricks.compiler.FreemarkerTemplateCompilerTest -->
