<?xml version="1.0" encoding="UTF-8"?>
<!-- Generated by org.testng.reporters.JUnitReportReporter -->
<testsuite hostname="JVZ2.local" name="com.google.sitebricks.compiler.XmlTemplateCompilerTest" tests="1" failures="0" timestamp="26 Feb 2012 03:14:37 GMT" time="0.166" errors="0">
  <testcase name="readTextWidgetValues" time="0.166" classname="com.google.sitebricks.compiler.XmlTemplateCompilerTest"/>
</testsuite> <!-- com.google.sitebricks.compiler.XmlTemplateCompilerTest -->
