<?xml version="1.0" encoding="UTF-8"?>
<!-- Generated by org.testng.reporters.JUnitReportReporter -->
<testsuite hostname="JVZ2.local" name="com.google.sitebricks.rendering.control.ShowIfWidgetTest" tests="4" failures="0" timestamp="26 Feb 2012 20:22:11 GMT" time="0.004" errors="0">
  <testcase name="hideChildren" time="0.003" classname="com.google.sitebricks.rendering.control.ShowIfWidgetTest"/>
  <testcase name="hideChildren" time="0.000" classname="com.google.sitebricks.rendering.control.ShowIfWidgetTest"/>
  <testcase name="hideChildren" time="0.001" classname="com.google.sitebricks.rendering.control.ShowIfWidgetTest"/>
  <testcase name="hideChildren" time="0.000" classname="com.google.sitebricks.rendering.control.ShowIfWidgetTest"/>
</testsuite> <!-- com.google.sitebricks.rendering.control.ShowIfWidgetTest -->
