<?xml version="1.0" encoding="UTF-8"?>
<!-- Generated by org.testng.reporters.JUnitReportReporter -->
<testsuite hostname="JVZ2.local" name="com.google.sitebricks.rendering.EvaluatorCompilerTest" tests="16" failures="0" timestamp="26 Feb 2012 20:22:11 GMT" time="0.011" errors="0">
  <testcase name="determineEgressTypeParameter" time="0.001" classname="com.google.sitebricks.rendering.EvaluatorCompilerTest"/>
  <testcase name="compileExpressionInvokingArbitraryMethodThruInterface" time="0.000" classname="com.google.sitebricks.rendering.EvaluatorCompilerTest"/>
  <testcase name="compileExpressionInvokingArbitraryMethod" time="0.001" classname="com.google.sitebricks.rendering.EvaluatorCompilerTest"/>
  <testcase name="compileEvaluatorFromExpression" time="0.001" classname="com.google.sitebricks.rendering.EvaluatorCompilerTest"/>
  <testcase name="compileExpressionInvokingArbitraryMethodAndTestReturn" time="0.001" classname="com.google.sitebricks.rendering.EvaluatorCompilerTest"/>
  <testcase name="compileExpressionNumericTypeMatchInDeeperObjectGraph" time="0.002" classname="com.google.sitebricks.rendering.EvaluatorCompilerTest"/>
  <testcase name="failCompileDueToPathMismatchInDeeperObjectGraph" time="0.001" classname="com.google.sitebricks.rendering.EvaluatorCompilerTest"/>
  <testcase name="compileMethodMatchInDeeperObjectGraph" time="0.001" classname="com.google.sitebricks.rendering.EvaluatorCompilerTest"/>
  <testcase name="failCompileExpressionInvokingArbitraryMethodThruInterface" time="0.000" classname="com.google.sitebricks.rendering.EvaluatorCompilerTest"/>
  <testcase name="failCompileDueToNameMismatch" time="0.000" classname="com.google.sitebricks.rendering.EvaluatorCompilerTest"/>
  <testcase name="failCompileDueToNameMismatchInDeeperObjectGraph2" time="0.001" classname="com.google.sitebricks.rendering.EvaluatorCompilerTest"/>
  <testcase name="determineEgressTypeParameterInExpressionChain" time="0.001" classname="com.google.sitebricks.rendering.EvaluatorCompilerTest"/>
  <testcase name="failCompileDueToNameMismatchInDeeperObjectGraph" time="0.001" classname="com.google.sitebricks.rendering.EvaluatorCompilerTest"/>
  <testcase name="failCompileExpressionInvokingArbitraryMethodWithWrongArgs" time="0.000" classname="com.google.sitebricks.rendering.EvaluatorCompilerTest"/>
  <testcase name="compileExpressionInvokingArbitraryMethodThruInterfaceAndRegular" time="0.000" classname="com.google.sitebricks.rendering.EvaluatorCompilerTest"/>
  <testcase name="compileExpressionIntegerTypeMatchInDeeperObjectGraph" time="0.000" classname="com.google.sitebricks.rendering.EvaluatorCompilerTest"/>
</testsuite> <!-- com.google.sitebricks.rendering.EvaluatorCompilerTest -->
