<?xml version="1.0" encoding="UTF-8"?>
<!-- Generated by org.testng.reporters.JUnitReportReporter -->
<testsuite hostname="JVZ2.local" name="com.google.sitebricks.rendering.control.TextWidgetTest" tests="6" failures="0" timestamp="26 Feb 2012 03:12:59 GMT" time="0.005" errors="0">
  <testcase name="renderATemplateWithObjectGraph" time="0.001" classname="com.google.sitebricks.rendering.control.TextWidgetTest"/>
  <testcase name="renderATemplateWithObject" time="0.001" classname="com.google.sitebricks.rendering.control.TextWidgetTest"/>
  <testcase name="renderATemplateWithObjectGraph" time="0.000" classname="com.google.sitebricks.rendering.control.TextWidgetTest"/>
  <testcase name="renderATemplateWithObjectGraph" time="0.001" classname="com.google.sitebricks.rendering.control.TextWidgetTest"/>
  <testcase name="renderATemplateWithObject" time="0.001" classname="com.google.sitebricks.rendering.control.TextWidgetTest"/>
  <testcase name="renderATemplateWithObject" time="0.001" classname="com.google.sitebricks.rendering.control.TextWidgetTest"/>
</testsuite> <!-- com.google.sitebricks.rendering.control.TextWidgetTest -->
