<?xml version="1.0" encoding="UTF-8"?>
<!-- Generated by org.testng.reporters.JUnitReportReporter -->
<testsuite hostname="JVZ2.local" name="com.google.sitebricks.compiler.HtmlTemplateCompilerTest" tests="3" failures="0" timestamp="26 Feb 2012 03:15:29 GMT" time="0.175" errors="0">
  <testcase name="readTextWidgetValues" time="0.153" classname="com.google.sitebricks.compiler.HtmlTemplateCompilerTest"/>
  <testcase name="readHtmlWidgetWithChildren" time="0.007" classname="com.google.sitebricks.compiler.HtmlTemplateCompilerTest"/>
  <testcase name="readHtmlWidget" time="0.015" classname="com.google.sitebricks.compiler.HtmlTemplateCompilerTest"/>
</testsuite> <!-- com.google.sitebricks.compiler.HtmlTemplateCompilerTest -->
