<?xml version="1.0" encoding="UTF-8"?>
<!-- Generated by org.testng.reporters.JUnitReportReporter -->
<testsuite hostname="JVZ2.local" name="com.google.sitebricks.binding.PropertyCacheTest" tests="1" failures="0" timestamp="26 Feb 2012 03:12:59 GMT" time="0.002" errors="0">
  <testcase name="doesPropertyExist" time="0.002" classname="com.google.sitebricks.binding.PropertyCacheTest"/>
</testsuite> <!-- com.google.sitebricks.binding.PropertyCacheTest -->
