<?xml version="1.0" encoding="UTF-8"?>
<!-- Generated by org.testng.reporters.JUnitReportReporter -->
<testsuite hostname="JVZ2.local" name="com.google.sitebricks.LocalizationTest" tests="9" failures="0" timestamp="26 Feb 2012 20:22:11 GMT" time="0.023" errors="0">
  <testcase name="parameterizedLocalizeTemplateMultipleLocales" time="0.002" classname="com.google.sitebricks.LocalizationTest"/>
  <testcase name="parameterizedLocalizeWrongArgAnnotation" time="0.003" classname="com.google.sitebricks.LocalizationTest"/>
  <testcase name="parameterizedLocalizeBrokenTemplate" time="0.006" classname="com.google.sitebricks.LocalizationTest"/>
  <testcase name="parameterizedWithNoExternalBundle" time="0.002" classname="com.google.sitebricks.LocalizationTest"/>
  <testcase name="parameterizedLocalizeTemplate" time="0.002" classname="com.google.sitebricks.LocalizationTest"/>
  <testcase name="simpleLocalizeMissingEntry" time="0.002" classname="com.google.sitebricks.LocalizationTest"/>
  <testcase name="simpleLocalize" time="0.002" classname="com.google.sitebricks.LocalizationTest"/>
  <testcase name="simpleLocalizeWrongReturnType" time="0.002" classname="com.google.sitebricks.LocalizationTest"/>
  <testcase name="simpleLocalizeMissingAnnotation" time="0.002" classname="com.google.sitebricks.LocalizationTest"/>
</testsuite> <!-- com.google.sitebricks.LocalizationTest -->
