<?xml version="1.0" encoding="UTF-8"?>
<!-- Generated by org.testng.reporters.JUnitReportReporter -->
<testsuite hostname="JVZ2.local" name="com.google.sitebricks.binding.MvelRequestBinderTest" tests="4" failures="0" timestamp="26 Feb 2012 20:22:11 GMT" time="0.021" errors="0">
  <testcase name="bindRequestToPrimitivesAndIgnoreExtras" time="0.003" classname="com.google.sitebricks.binding.MvelRequestBinderTest"/>
  <testcase name="bindRequestToCollections" time="0.003" classname="com.google.sitebricks.binding.MvelRequestBinderTest"/>
  <testcase name="bindRequestToPrimitives" time="0.004" classname="com.google.sitebricks.binding.MvelRequestBinderTest"/>
  <testcase name="bindRequestDetectInvalid" time="0.011" classname="com.google.sitebricks.binding.MvelRequestBinderTest"/>
</testsuite> <!-- com.google.sitebricks.binding.MvelRequestBinderTest -->
