<?xml version="1.0" encoding="UTF-8"?>
<!-- Generated by org.testng.reporters.JUnitReportReporter -->
<testsuite hostname="JVZ2.local" name="com.google.sitebricks.headless.ReplyEdslTest" tests="2" failures="0" timestamp="26 Feb 2012 20:22:11 GMT" time="0.000" errors="0">
  <testcase name="replies" time="0.000" classname="com.google.sitebricks.headless.ReplyEdslTest"/>
  <testcase name="entities" time="0.000" classname="com.google.sitebricks.headless.ReplyEdslTest"/>
</testsuite> <!-- com.google.sitebricks.headless.ReplyEdslTest -->
