<?xml version="1.0" encoding="UTF-8"?>
<!-- Generated by org.testng.reporters.JUnitReportReporter -->
<testsuite hostname="JVZ2.local" name="com.google.sitebricks.compiler.HtmlTemplateCompilerTest" tests="17" failures="0" timestamp="26 Feb 2012 20:22:11 GMT" time="0.099" errors="0">
  <testcase name="readAWidgetWithVariousExpressions" time="0.003" classname="com.google.sitebricks.compiler.HtmlTemplateCompilerTest"/>
  <testcase name="readAWidgetWithVariousExpressions" time="0.003" classname="com.google.sitebricks.compiler.HtmlTemplateCompilerTest"/>
  <testcase name="readAWidgetWithVariousExpressions" time="0.003" classname="com.google.sitebricks.compiler.HtmlTemplateCompilerTest"/>
  <testcase name="readEmbedWidgetAndStoreAsPage" time="0.006" classname="com.google.sitebricks.compiler.HtmlTemplateCompilerTest"/>
  <testcase name="readHtmlWidget" time="0.003" classname="com.google.sitebricks.compiler.HtmlTemplateCompilerTest"/>
  <testcase name="readAndRenderRequireWidget" time="0.005" classname="com.google.sitebricks.compiler.HtmlTemplateCompilerTest"/>
  <testcase name="readTextWidgetValues" time="0.003" classname="com.google.sitebricks.compiler.HtmlTemplateCompilerTest"/>
  <testcase name="annotationKeyExtraction" time="0.001" classname="com.google.sitebricks.compiler.HtmlTemplateCompilerTest"/>
  <testcase name="readAWidgetWithVariousExpressions" time="0.004" classname="com.google.sitebricks.compiler.HtmlTemplateCompilerTest"/>
  <testcase name="readShowIfWidgetTrue" time="0.003" classname="com.google.sitebricks.compiler.HtmlTemplateCompilerTest"/>
  <testcase name="readShowIfWidgetFalse" time="0.002" classname="com.google.sitebricks.compiler.HtmlTemplateCompilerTest"/>
  <testcase name="readHtmlWidgetWithChildren" time="0.004" classname="com.google.sitebricks.compiler.HtmlTemplateCompilerTest"/>
  <testcase name="readAWidgetWithVariousExpressions" time="0.004" classname="com.google.sitebricks.compiler.HtmlTemplateCompilerTest"/>
  <testcase name="readAWidgetWithVariousExpressions" time="0.003" classname="com.google.sitebricks.compiler.HtmlTemplateCompilerTest"/>
  <testcase name="readAWidgetWithVariousExpressions" time="0.004" classname="com.google.sitebricks.compiler.HtmlTemplateCompilerTest"/>
  <testcase name="readEmbedWidgetOnly" time="0.005" classname="com.google.sitebricks.compiler.HtmlTemplateCompilerTest"/>
  <testcase name="readAWidgetWithVariousExpressions" time="0.043" classname="com.google.sitebricks.compiler.HtmlTemplateCompilerTest"/>
</testsuite> <!-- com.google.sitebricks.compiler.HtmlTemplateCompilerTest -->
