<?xml version="1.0" encoding="UTF-8"?>
<!-- Generated by org.testng.reporters.JUnitReportReporter -->
<testsuite hostname="JVZ2.local" name="com.google.sitebricks.rendering.control.HeaderWidgetTest" tests="2" failures="0" timestamp="26 Feb 2012 03:12:59 GMT" time="0.001" errors="0">
  <testcase name="renderHeaderWithContent" time="0.000" classname="com.google.sitebricks.rendering.control.HeaderWidgetTest"/>
  <testcase name="renderHeader" time="0.001" classname="com.google.sitebricks.rendering.control.HeaderWidgetTest"/>
</testsuite> <!-- com.google.sitebricks.rendering.control.HeaderWidgetTest -->
