<?xml version="1.0" encoding="UTF-8"?>
<!-- Generated by org.testng.reporters.JUnitReportReporter -->
<testsuite hostname="JVZ2.local" name="com.google.sitebricks.routing.PathMatcherTest" tests="34" failures="0" timestamp="26 Feb 2012 03:12:59 GMT" time="0.014" errors="0">
  <testcase name="matchExactUriPath" time="0.001" classname="com.google.sitebricks.routing.PathMatcherTest"/>
  <testcase name="matchExactUriPath" time="0.000" classname="com.google.sitebricks.routing.PathMatcherTest"/>
  <testcase name="notMatchPathTemplate" time="0.001" classname="com.google.sitebricks.routing.PathMatcherTest"/>
  <testcase name="notFindMatchVariables" time="0.001" classname="com.google.sitebricks.routing.PathMatcherTest"/>
  <testcase name="notMatchPathTemplate" time="0.000" classname="com.google.sitebricks.routing.PathMatcherTest"/>
  <testcase name="notMatchPathTemplate" time="0.000" classname="com.google.sitebricks.routing.PathMatcherTest"/>
  <testcase name="findMatchVariables" time="0.001" classname="com.google.sitebricks.routing.PathMatcherTest"/>
  <testcase name="notMatchPathTemplate" time="0.000" classname="com.google.sitebricks.routing.PathMatcherTest"/>
  <testcase name="matchPathTemplate" time="0.000" classname="com.google.sitebricks.routing.PathMatcherTest"/>
  <testcase name="notMatchPathTemplate" time="0.001" classname="com.google.sitebricks.routing.PathMatcherTest"/>
  <testcase name="notMatchPathTemplate" time="0.000" classname="com.google.sitebricks.routing.PathMatcherTest"/>
  <testcase name="matchPathTemplate" time="0.000" classname="com.google.sitebricks.routing.PathMatcherTest"/>
  <testcase name="notFindMatchVariables" time="0.000" classname="com.google.sitebricks.routing.PathMatcherTest"/>
  <testcase name="matchPathTemplate" time="0.000" classname="com.google.sitebricks.routing.PathMatcherTest"/>
  <testcase name="matchPathTemplate" time="0.001" classname="com.google.sitebricks.routing.PathMatcherTest"/>
  <testcase name="notMatchPathTemplate" time="0.001" classname="com.google.sitebricks.routing.PathMatcherTest"/>
  <testcase name="matchGreedy" time="0.000" classname="com.google.sitebricks.routing.PathMatcherTest"/>
  <testcase name="matchPathTemplate" time="0.001" classname="com.google.sitebricks.routing.PathMatcherTest"/>
  <testcase name="notMatchPathTemplate" time="0.000" classname="com.google.sitebricks.routing.PathMatcherTest"/>
  <testcase name="notMatchPathTemplate" time="0.000" classname="com.google.sitebricks.routing.PathMatcherTest"/>
  <testcase name="matchPathTemplate" time="0.000" classname="com.google.sitebricks.routing.PathMatcherTest"/>
  <testcase name="notMatchPathTemplate" time="0.001" classname="com.google.sitebricks.routing.PathMatcherTest"/>
  <testcase name="matchGreedy" time="0.000" classname="com.google.sitebricks.routing.PathMatcherTest"/>
  <testcase name="findMatchVariables" time="0.000" classname="com.google.sitebricks.routing.PathMatcherTest"/>
  <testcase name="findMatchVariables" time="0.001" classname="com.google.sitebricks.routing.PathMatcherTest"/>
  <testcase name="matchPathTemplate" time="0.000" classname="com.google.sitebricks.routing.PathMatcherTest"/>
  <testcase name="matchExactUriPath" time="0.000" classname="com.google.sitebricks.routing.PathMatcherTest"/>
  <testcase name="notFindMatchVariables" time="0.001" classname="com.google.sitebricks.routing.PathMatcherTest"/>
  <testcase name="matchPathTemplate" time="0.000" classname="com.google.sitebricks.routing.PathMatcherTest"/>
  <testcase name="matchExactUriPath" time="0.001" classname="com.google.sitebricks.routing.PathMatcherTest"/>
  <testcase name="notMatchPathTemplate" time="0.001" classname="com.google.sitebricks.routing.PathMatcherTest"/>
  <testcase name="matchGreedy" time="0.000" classname="com.google.sitebricks.routing.PathMatcherTest"/>
  <testcase name="matchGreedy" time="0.001" classname="com.google.sitebricks.routing.PathMatcherTest"/>
  <testcase name="notMatchPathTemplate" time="0.000" classname="com.google.sitebricks.routing.PathMatcherTest"/>
</testsuite> <!-- com.google.sitebricks.routing.PathMatcherTest -->
