<?xml version="1.0" encoding="UTF-8"?>
<!-- Generated by org.testng.reporters.JUnitReportReporter -->
<testsuite hostname="JVZ2.local" name="com.google.sitebricks.rendering.control.EmbedWidgetTest" tests="38" failures="0" timestamp="26 Feb 2012 03:12:59 GMT" time="0.054" errors="0">
  <testcase name="pageEmbeddingChainsToEmbeddedWidgetBehavior" time="0.001" classname="com.google.sitebricks.rendering.control.EmbedWidgetTest"/>
  <testcase name="pageEmbeddingChainsToEmbeddedWidget" time="0.002" classname="com.google.sitebricks.rendering.control.EmbedWidgetTest"/>
  <testcase name="pageEmbeddingChainsToEmbeddedWidgetBehavior" time="0.001" classname="com.google.sitebricks.rendering.control.EmbedWidgetTest"/>
  <testcase name="failedPageEmbedding" time="0.000" classname="com.google.sitebricks.rendering.control.EmbedWidgetTest"/>
  <testcase name="pageEmbeddingChainsToEmbeddedWidgetBehavior" time="0.001" classname="com.google.sitebricks.rendering.control.EmbedWidgetTest"/>
  <testcase name="pageEmbeddingChainsToEmbeddedWidgetWithArgs" time="0.001" classname="com.google.sitebricks.rendering.control.EmbedWidgetTest"/>
  <testcase name="pageEmbeddingAndBinding" time="0.002" classname="com.google.sitebricks.rendering.control.EmbedWidgetTest"/>
  <testcase name="pageEmbeddingChainsToEmbeddedWidgetBehavior" time="0.001" classname="com.google.sitebricks.rendering.control.EmbedWidgetTest"/>
  <testcase name="pageEmbeddingSupressesNormalWidgetChain" time="0.001" classname="com.google.sitebricks.rendering.control.EmbedWidgetTest"/>
  <testcase name="pageEmbeddingChainsToEmbeddedWidgetWithArgs" time="0.002" classname="com.google.sitebricks.rendering.control.EmbedWidgetTest"/>
  <testcase name="pageEmbeddingChainsToEmbeddedWidgetBehavior" time="0.001" classname="com.google.sitebricks.rendering.control.EmbedWidgetTest"/>
  <testcase name="failedPageEmbedding" time="0.000" classname="com.google.sitebricks.rendering.control.EmbedWidgetTest"/>
  <testcase name="pageEmbeddingSupressesNormalWidgetChain" time="0.001" classname="com.google.sitebricks.rendering.control.EmbedWidgetTest"/>
  <testcase name="pageEmbeddingChainsToEmbeddedWidgetWithArgs" time="0.001" classname="com.google.sitebricks.rendering.control.EmbedWidgetTest"/>
  <testcase name="failedPageEmbedding" time="0.000" classname="com.google.sitebricks.rendering.control.EmbedWidgetTest"/>
  <testcase name="pageEmbeddingChainsToEmbeddedWidget" time="0.001" classname="com.google.sitebricks.rendering.control.EmbedWidgetTest"/>
  <testcase name="pageEmbeddingAndBinding" time="0.001" classname="com.google.sitebricks.rendering.control.EmbedWidgetTest"/>
  <testcase name="pageEmbeddingAndBinding" time="0.001" classname="com.google.sitebricks.rendering.control.EmbedWidgetTest"/>
  <testcase name="pageEmbeddingChainsToEmbeddedWidgetWithArgs" time="0.001" classname="com.google.sitebricks.rendering.control.EmbedWidgetTest"/>
  <testcase name="pageEmbeddingChainsToEmbeddedWidget" time="0.001" classname="com.google.sitebricks.rendering.control.EmbedWidgetTest"/>
  <testcase name="failedPageEmbedding" time="0.000" classname="com.google.sitebricks.rendering.control.EmbedWidgetTest"/>
  <testcase name="pageEmbeddingSupressesNormalWidgetChain" time="0.001" classname="com.google.sitebricks.rendering.control.EmbedWidgetTest"/>
  <testcase name="pageEmbeddingSupressesNormalWidgetChain" time="0.001" classname="com.google.sitebricks.rendering.control.EmbedWidgetTest"/>
  <testcase name="failedPageEmbedding" time="0.004" classname="com.google.sitebricks.rendering.control.EmbedWidgetTest"/>
  <testcase name="pageEmbeddingChainsToEmbeddedWidget" time="0.001" classname="com.google.sitebricks.rendering.control.EmbedWidgetTest"/>
  <testcase name="pageEmbeddingChainsToEmbeddedWidget" time="0.001" classname="com.google.sitebricks.rendering.control.EmbedWidgetTest"/>
  <testcase name="pageEmbeddingSupressesNormalWidgetChain" time="0.000" classname="com.google.sitebricks.rendering.control.EmbedWidgetTest"/>
  <testcase name="pageEmbeddingAndBinding" time="0.001" classname="com.google.sitebricks.rendering.control.EmbedWidgetTest"/>
  <testcase name="pageEmbeddingChainsToEmbeddedWidgetBehavior" time="0.001" classname="com.google.sitebricks.rendering.control.EmbedWidgetTest"/>
  <testcase name="pageEmbeddingChainsToEmbeddedWidgetWithArgs" time="0.001" classname="com.google.sitebricks.rendering.control.EmbedWidgetTest"/>
  <testcase name="failedPageEmbedding" time="0.000" classname="com.google.sitebricks.rendering.control.EmbedWidgetTest"/>
  <testcase name="pageEmbeddingChainsToEmbeddedWidget" time="0.001" classname="com.google.sitebricks.rendering.control.EmbedWidgetTest"/>
  <testcase name="pageEmbeddingAndBinding" time="0.001" classname="com.google.sitebricks.rendering.control.EmbedWidgetTest"/>
  <testcase name="pageEmbeddingChainsToEmbeddedWidgetWithArgs" time="0.001" classname="com.google.sitebricks.rendering.control.EmbedWidgetTest"/>
  <testcase name="failedPageEmbedding" time="0.018" classname="com.google.sitebricks.rendering.control.EmbedWidgetTest"/>
  <testcase name="failedPageEmbedding" time="0.000" classname="com.google.sitebricks.rendering.control.EmbedWidgetTest"/>
  <testcase name="pageEmbeddingAndBinding" time="0.001" classname="com.google.sitebricks.rendering.control.EmbedWidgetTest"/>
  <testcase name="pageEmbeddingSupressesNormalWidgetChain" time="0.001" classname="com.google.sitebricks.rendering.control.EmbedWidgetTest"/>
</testsuite> <!-- com.google.sitebricks.rendering.control.EmbedWidgetTest -->
