<?xml version="1.0" encoding="UTF-8"?>
<!-- Generated by org.testng.reporters.JUnitReportReporter -->
<testsuite hostname="JVZ2.local" name="com.google.sitebricks.headless.HeadlessReplyTest" tests="3" failures="0" timestamp="26 Feb 2012 20:22:11 GMT" time="0.320" errors="0">
  <testcase name="textReply" time="0.004" classname="com.google.sitebricks.headless.HeadlessReplyTest"/>
  <testcase name="xmlReplyWithHeaders" time="0.093" classname="com.google.sitebricks.headless.HeadlessReplyTest"/>
  <testcase name="jsonReply" time="0.223" classname="com.google.sitebricks.headless.HeadlessReplyTest"/>
</testsuite> <!-- com.google.sitebricks.headless.HeadlessReplyTest -->
