<?xml version="1.0" encoding="UTF-8"?>
<!-- Generated by org.testng.reporters.JUnitReportReporter -->
<testsuite hostname="JVZ2.local" name="com.google.sitebricks.compiler.XmlTemplateCompilerTest" tests="17" failures="0" timestamp="26 Feb 2012 20:22:11 GMT" time="0.274" errors="0">
  <testcase name="readShowIfWidgetFalse" time="0.003" classname="com.google.sitebricks.compiler.XmlTemplateCompilerTest"/>
  <testcase name="readAWidgetWithVariousExpressions" time="0.017" classname="com.google.sitebricks.compiler.XmlTemplateCompilerTest"/>
  <testcase name="readAWidgetWithVariousExpressions" time="0.004" classname="com.google.sitebricks.compiler.XmlTemplateCompilerTest"/>
  <testcase name="readEmbedWidgetOnly" time="0.005" classname="com.google.sitebricks.compiler.XmlTemplateCompilerTest"/>
  <testcase name="annotationKeyExtraction" time="0.005" classname="com.google.sitebricks.compiler.XmlTemplateCompilerTest"/>
  <testcase name="readEmbedWidgetAndStoreAsPage" time="0.035" classname="com.google.sitebricks.compiler.XmlTemplateCompilerTest"/>
  <testcase name="readAWidgetWithVariousExpressions" time="0.005" classname="com.google.sitebricks.compiler.XmlTemplateCompilerTest"/>
  <testcase name="readAWidgetWithVariousExpressions" time="0.003" classname="com.google.sitebricks.compiler.XmlTemplateCompilerTest"/>
  <testcase name="readXmlWidget" time="0.002" classname="com.google.sitebricks.compiler.XmlTemplateCompilerTest"/>
  <testcase name="readAWidgetWithVariousExpressions" time="0.004" classname="com.google.sitebricks.compiler.XmlTemplateCompilerTest"/>
  <testcase name="readXmlWidgetWithChildren" time="0.005" classname="com.google.sitebricks.compiler.XmlTemplateCompilerTest"/>
  <testcase name="readAWidgetWithVariousExpressions" time="0.027" classname="com.google.sitebricks.compiler.XmlTemplateCompilerTest"/>
  <testcase name="readTextWidgetValues" time="0.005" classname="com.google.sitebricks.compiler.XmlTemplateCompilerTest"/>
  <testcase name="readAndRenderRequireWidget" time="0.030" classname="com.google.sitebricks.compiler.XmlTemplateCompilerTest"/>
  <testcase name="readShowIfWidgetTrue" time="0.002" classname="com.google.sitebricks.compiler.XmlTemplateCompilerTest"/>
  <testcase name="readAWidgetWithVariousExpressions" time="0.116" classname="com.google.sitebricks.compiler.XmlTemplateCompilerTest"/>
  <testcase name="readAWidgetWithVariousExpressions" time="0.006" classname="com.google.sitebricks.compiler.XmlTemplateCompilerTest"/>
</testsuite> <!-- com.google.sitebricks.compiler.XmlTemplateCompilerTest -->
