<?xml version="1.0" encoding="UTF-8"?>
<!-- Generated by org.testng.reporters.JUnitReportReporter -->
<testsuite hostname="JVZ2.local" name="com.google.sitebricks.compiler.XmlLineNumberParsingTest" tests="1" failures="0" timestamp="26 Feb 2012 20:22:11 GMT" time="0.059" errors="0">
  <testcase name="filterParsesLineNumbersIntoAttribute" time="0.059" classname="com.google.sitebricks.compiler.XmlLineNumberParsingTest"/>
</testsuite> <!-- com.google.sitebricks.compiler.XmlLineNumberParsingTest -->
