<?xml version="1.0" encoding="UTF-8"?>
<!-- Generated by org.testng.reporters.JUnitReportReporter -->
<testsuite hostname="JVZ2.local" name="com.google.sitebricks.http.negotiate.RegexNegotiatorTest" tests="20" failures="0" timestamp="26 Feb 2012 20:22:11 GMT" time="0.010" errors="0">
  <testcase name="variousHeadersAndNegotiations" time="0.001" classname="com.google.sitebricks.http.negotiate.RegexNegotiatorTest"/>
  <testcase name="variousHeadersAndNegotiations" time="0.000" classname="com.google.sitebricks.http.negotiate.RegexNegotiatorTest"/>
  <testcase name="variousHeadersAndNegotiations" time="0.000" classname="com.google.sitebricks.http.negotiate.RegexNegotiatorTest"/>
  <testcase name="variousHeadersAndNegotiations" time="0.000" classname="com.google.sitebricks.http.negotiate.RegexNegotiatorTest"/>
  <testcase name="variousHeadersAndNegotiations" time="0.001" classname="com.google.sitebricks.http.negotiate.RegexNegotiatorTest"/>
  <testcase name="variousHeadersAndNegotiations" time="0.001" classname="com.google.sitebricks.http.negotiate.RegexNegotiatorTest"/>
  <testcase name="variousHeadersAndNegotiations" time="0.001" classname="com.google.sitebricks.http.negotiate.RegexNegotiatorTest"/>
  <testcase name="variousHeadersAndNegotiations" time="0.000" classname="com.google.sitebricks.http.negotiate.RegexNegotiatorTest"/>
  <testcase name="variousHeadersAndNegotiations" time="0.000" classname="com.google.sitebricks.http.negotiate.RegexNegotiatorTest"/>
  <testcase name="variousHeadersAndNegotiations" time="0.001" classname="com.google.sitebricks.http.negotiate.RegexNegotiatorTest"/>
  <testcase name="variousHeadersAndNegotiations" time="0.001" classname="com.google.sitebricks.http.negotiate.RegexNegotiatorTest"/>
  <testcase name="variousHeadersAndNegotiations" time="0.000" classname="com.google.sitebricks.http.negotiate.RegexNegotiatorTest"/>
  <testcase name="variousHeadersAndNegotiations" time="0.002" classname="com.google.sitebricks.http.negotiate.RegexNegotiatorTest"/>
  <testcase name="variousHeadersAndNegotiations" time="0.000" classname="com.google.sitebricks.http.negotiate.RegexNegotiatorTest"/>
  <testcase name="variousHeadersAndNegotiations" time="0.001" classname="com.google.sitebricks.http.negotiate.RegexNegotiatorTest"/>
  <testcase name="variousHeadersAndNegotiations" time="0.001" classname="com.google.sitebricks.http.negotiate.RegexNegotiatorTest"/>
  <testcase name="variousHeadersAndNegotiations" time="0.000" classname="com.google.sitebricks.http.negotiate.RegexNegotiatorTest"/>
  <testcase name="variousHeadersAndNegotiations" time="0.000" classname="com.google.sitebricks.http.negotiate.RegexNegotiatorTest"/>
  <testcase name="variousHeadersAndNegotiations" time="0.000" classname="com.google.sitebricks.http.negotiate.RegexNegotiatorTest"/>
  <testcase name="variousHeadersAndNegotiations" time="0.000" classname="com.google.sitebricks.http.negotiate.RegexNegotiatorTest"/>
</testsuite> <!-- com.google.sitebricks.http.negotiate.RegexNegotiatorTest -->
