<?xml version="1.0" encoding="UTF-8"?>
<!-- Generated by org.testng.reporters.JUnitReportReporter -->
<testsuite hostname="JVZ2.local" name="com.google.sitebricks.rendering.control.EmbeddedRespondExtractorTest" tests="7" failures="0" timestamp="26 Feb 2012 20:22:11 GMT" time="0.004" errors="0">
  <testcase name="extractInsideHeadTags" time="0.001" classname="com.google.sitebricks.rendering.control.EmbeddedRespondExtractorTest"/>
  <testcase name="extractInsideHeadTags" time="0.001" classname="com.google.sitebricks.rendering.control.EmbeddedRespondExtractorTest"/>
  <testcase name="extractInsideHeadTags" time="0.000" classname="com.google.sitebricks.rendering.control.EmbeddedRespondExtractorTest"/>
  <testcase name="extractInsideHeadTags" time="0.001" classname="com.google.sitebricks.rendering.control.EmbeddedRespondExtractorTest"/>
  <testcase name="extractInsideHeadTags" time="0.000" classname="com.google.sitebricks.rendering.control.EmbeddedRespondExtractorTest"/>
  <testcase name="extractInsideHeadTags" time="0.001" classname="com.google.sitebricks.rendering.control.EmbeddedRespondExtractorTest"/>
  <testcase name="extractInsideHeadTags" time="0.000" classname="com.google.sitebricks.rendering.control.EmbeddedRespondExtractorTest"/>
</testsuite> <!-- com.google.sitebricks.rendering.control.EmbeddedRespondExtractorTest -->
