<?xml version="1.0" encoding="UTF-8"?>
<!-- Generated by org.testng.reporters.JUnitReportReporter -->
<testsuite hostname="JVZ2.local" name="com.google.sitebricks.rendering.MvelGenericsConfidenceTest" tests="2" failures="0" timestamp="26 Feb 2012 20:22:11 GMT" time="0.002" errors="0">
  <testcase name="determineEgressParametricTypeInExprChain" time="0.001" classname="com.google.sitebricks.rendering.MvelGenericsConfidenceTest"/>
  <testcase name="determineEgressParametricType" time="0.001" classname="com.google.sitebricks.rendering.MvelGenericsConfidenceTest"/>
</testsuite> <!-- com.google.sitebricks.rendering.MvelGenericsConfidenceTest -->
