<?xml version="1.0" encoding="UTF-8"?>
<!-- Generated by org.testng.reporters.JUnitReportReporter -->
<testsuite hostname="JVZ2.local" name="com.google.sitebricks.headless.HeadlessReplyTest" tests="3" failures="0" timestamp="26 Feb 2012 03:12:59 GMT" time="0.281" errors="0">
  <testcase name="jsonReply" time="0.174" classname="com.google.sitebricks.headless.HeadlessReplyTest"/>
  <testcase name="xmlReplyWithHeaders" time="0.105" classname="com.google.sitebricks.headless.HeadlessReplyTest"/>
  <testcase name="textReply" time="0.002" classname="com.google.sitebricks.headless.HeadlessReplyTest"/>
</testsuite> <!-- com.google.sitebricks.headless.HeadlessReplyTest -->
