<?xml version="1.0" encoding="UTF-8"?>
<!-- Generated by org.testng.reporters.JUnitReportReporter -->
<testsuite hostname="JVZ2.local" name="com.google.sitebricks.rendering.control.WidgetRegistryTest" tests="3" failures="0" timestamp="26 Feb 2012 20:22:11 GMT" time="0.002" errors="0">
  <testcase name="storeRetrieveWidgets" time="0.000" classname="com.google.sitebricks.rendering.control.WidgetRegistryTest"/>
  <testcase name="storeRetrieveWidgets" time="0.000" classname="com.google.sitebricks.rendering.control.WidgetRegistryTest"/>
  <testcase name="storeRetrieveWidgets" time="0.002" classname="com.google.sitebricks.rendering.control.WidgetRegistryTest"/>
</testsuite> <!-- com.google.sitebricks.rendering.control.WidgetRegistryTest -->
