<?xml version="1.0" encoding="UTF-8"?>
<!-- Generated by org.testng.reporters.JUnitReportReporter -->
<testsuite hostname="JVZ2.local" name="com.google.sitebricks.routing.PageBookImplTest" tests="31" failures="0" timestamp="26 Feb 2012 20:22:11 GMT" time="0.056" errors="0">
  <testcase name="matchPageByUriTemplate" time="0.001" classname="com.google.sitebricks.routing.PageBookImplTest"/>
  <testcase name="notMatchPageByUriTemplate" time="0.001" classname="com.google.sitebricks.routing.PageBookImplTest"/>
  <testcase name="fireGetMethodWithArgsOnPage" time="0.002" classname="com.google.sitebricks.routing.PageBookImplTest"/>
  <testcase name="notMatchPageByUriTemplate" time="0.001" classname="com.google.sitebricks.routing.PageBookImplTest"/>
  <testcase name="firePostMethodOnPageToCorrectHandlerOnlyOnce" time="0.004" classname="com.google.sitebricks.routing.PageBookImplTest"/>
  <testcase name="fireGetMethodOnPageToCorrectHandlerOnlyOnce" time="0.004" classname="com.google.sitebricks.routing.PageBookImplTest"/>
  <testcase name="firePostMethodOnPage" time="0.002" classname="com.google.sitebricks.routing.PageBookImplTest"/>
  <testcase name="firstPathElement" time="0.000" classname="com.google.sitebricks.routing.PageBookImplTest"/>
  <testcase name="fireGetMethodOnPageAndRedirectToURL" time="0.001" classname="com.google.sitebricks.routing.PageBookImplTest"/>
  <testcase name="firePostMethodOnPageToCorrectHandler" time="0.003" classname="com.google.sitebricks.routing.PageBookImplTest"/>
  <testcase name="fireGetMethodWithPrimitiveArgsOnPage" time="0.002" classname="com.google.sitebricks.routing.PageBookImplTest"/>
  <testcase name="matchPageByUriTemplate" time="0.001" classname="com.google.sitebricks.routing.PageBookImplTest"/>
  <testcase name="errorOnPostMethodWithUnnamedArgs" time="0.004" classname="com.google.sitebricks.routing.PageBookImplTest"/>
  <testcase name="firePostMethodOnPageAndRedirectToURL" time="0.002" classname="com.google.sitebricks.routing.PageBookImplTest"/>
  <testcase name="firstPathElement" time="0.000" classname="com.google.sitebricks.routing.PageBookImplTest"/>
  <testcase name="notMatchPageByUriTemplate" time="0.001" classname="com.google.sitebricks.routing.PageBookImplTest"/>
  <testcase name="firstPathElement" time="0.001" classname="com.google.sitebricks.routing.PageBookImplTest"/>
  <testcase name="fireGetMethodOnPage" time="0.003" classname="com.google.sitebricks.routing.PageBookImplTest"/>
  <testcase name="firstPathElement" time="0.000" classname="com.google.sitebricks.routing.PageBookImplTest"/>
  <testcase name="storeAndRetrievePageInstance" time="0.003" classname="com.google.sitebricks.routing.PageBookImplTest"/>
  <testcase name="notMatchPageByUriTemplate" time="0.001" classname="com.google.sitebricks.routing.PageBookImplTest"/>
  <testcase name="firstPathElement" time="0.001" classname="com.google.sitebricks.routing.PageBookImplTest"/>
  <testcase name="matchPageByUriTemplate" time="0.001" classname="com.google.sitebricks.routing.PageBookImplTest"/>
  <testcase name="fireGetMethodOnPageToDefaultHandler" time="0.004" classname="com.google.sitebricks.routing.PageBookImplTest"/>
  <testcase name="matchPageByUriTemplate" time="0.001" classname="com.google.sitebricks.routing.PageBookImplTest"/>
  <testcase name="matchPageByUriTemplate" time="0.001" classname="com.google.sitebricks.routing.PageBookImplTest"/>
  <testcase name="firePostMethodOnPageToDefaultHandler" time="0.004" classname="com.google.sitebricks.routing.PageBookImplTest"/>
  <testcase name="notMatchPageByUriTemplate" time="0.001" classname="com.google.sitebricks.routing.PageBookImplTest"/>
  <testcase name="firstPathElement" time="0.000" classname="com.google.sitebricks.routing.PageBookImplTest"/>
  <testcase name="fireGetMethodOnPageToCorrectHandler" time="0.004" classname="com.google.sitebricks.routing.PageBookImplTest"/>
  <testcase name="firePostMethodWithArgsOnPage" time="0.002" classname="com.google.sitebricks.routing.PageBookImplTest"/>
</testsuite> <!-- com.google.sitebricks.routing.PageBookImplTest -->
