<?xml version="1.0" encoding="UTF-8"?>
<!-- Generated by org.testng.reporters.JUnitReportReporter -->
<testsuite hostname="JVZ2.local" name="com.google.sitebricks.util.TextToolsTest" tests="3" failures="0" timestamp="26 Feb 2012 03:12:59 GMT" time="0.002" errors="0">
  <testcase name="testTokenize" time="0.000" classname="com.google.sitebricks.util.TextToolsTest"/>
  <testcase name="testTokenize" time="0.002" classname="com.google.sitebricks.util.TextToolsTest"/>
  <testcase name="testTokenize" time="0.000" classname="com.google.sitebricks.util.TextToolsTest"/>
</testsuite> <!-- com.google.sitebricks.util.TextToolsTest -->
