<?xml version="1.0" encoding="UTF-8"?>
<!-- Generated by org.testng.reporters.JUnitReportReporter -->
<testsuite hostname="JVZ2.local" name="com.google.sitebricks.http.negotiate.WildcardNegotiatorTest" tests="37" failures="0" timestamp="26 Feb 2012 03:12:59 GMT" time="0.020" errors="0">
  <testcase name="variousHeadersAndNegotiations" time="0.001" classname="com.google.sitebricks.http.negotiate.WildcardNegotiatorTest"/>
  <testcase name="variousHeadersAndNegotiations" time="0.001" classname="com.google.sitebricks.http.negotiate.WildcardNegotiatorTest"/>
  <testcase name="variousHeadersAndNegotiations" time="0.000" classname="com.google.sitebricks.http.negotiate.WildcardNegotiatorTest"/>
  <testcase name="variousHeadersAndNegotiations" time="0.000" classname="com.google.sitebricks.http.negotiate.WildcardNegotiatorTest"/>
  <testcase name="variousHeadersAndNegotiations" time="0.000" classname="com.google.sitebricks.http.negotiate.WildcardNegotiatorTest"/>
  <testcase name="variousHeadersAndNegotiations" time="0.000" classname="com.google.sitebricks.http.negotiate.WildcardNegotiatorTest"/>
  <testcase name="variousHeadersAndNegotiations" time="0.000" classname="com.google.sitebricks.http.negotiate.WildcardNegotiatorTest"/>
  <testcase name="variousHeadersAndNegotiations" time="0.003" classname="com.google.sitebricks.http.negotiate.WildcardNegotiatorTest"/>
  <testcase name="variousHeadersAndNegotiations" time="0.000" classname="com.google.sitebricks.http.negotiate.WildcardNegotiatorTest"/>
  <testcase name="variousHeadersAndNegotiations" time="0.000" classname="com.google.sitebricks.http.negotiate.WildcardNegotiatorTest"/>
  <testcase name="variousHeadersAndNegotiations" time="0.001" classname="com.google.sitebricks.http.negotiate.WildcardNegotiatorTest"/>
  <testcase name="variousHeadersAndNegotiations" time="0.000" classname="com.google.sitebricks.http.negotiate.WildcardNegotiatorTest"/>
  <testcase name="variousHeadersAndNegotiations" time="0.000" classname="com.google.sitebricks.http.negotiate.WildcardNegotiatorTest"/>
  <testcase name="variousHeadersAndNegotiations" time="0.000" classname="com.google.sitebricks.http.negotiate.WildcardNegotiatorTest"/>
  <testcase name="variousHeadersAndNegotiations" time="0.000" classname="com.google.sitebricks.http.negotiate.WildcardNegotiatorTest"/>
  <testcase name="variousHeadersAndNegotiations" time="0.001" classname="com.google.sitebricks.http.negotiate.WildcardNegotiatorTest"/>
  <testcase name="variousHeadersAndNegotiations" time="0.000" classname="com.google.sitebricks.http.negotiate.WildcardNegotiatorTest"/>
  <testcase name="variousHeadersAndNegotiations" time="0.001" classname="com.google.sitebricks.http.negotiate.WildcardNegotiatorTest"/>
  <testcase name="variousHeadersAndNegotiations" time="0.000" classname="com.google.sitebricks.http.negotiate.WildcardNegotiatorTest"/>
  <testcase name="variousHeadersAndNegotiations" time="0.001" classname="com.google.sitebricks.http.negotiate.WildcardNegotiatorTest"/>
  <testcase name="variousHeadersAndNegotiations" time="0.001" classname="com.google.sitebricks.http.negotiate.WildcardNegotiatorTest"/>
  <testcase name="variousHeadersAndNegotiations" time="0.000" classname="com.google.sitebricks.http.negotiate.WildcardNegotiatorTest"/>
  <testcase name="variousHeadersAndNegotiations" time="0.000" classname="com.google.sitebricks.http.negotiate.WildcardNegotiatorTest"/>
  <testcase name="variousHeadersAndNegotiations" time="0.000" classname="com.google.sitebricks.http.negotiate.WildcardNegotiatorTest"/>
  <testcase name="variousHeadersAndNegotiations" time="0.000" classname="com.google.sitebricks.http.negotiate.WildcardNegotiatorTest"/>
  <testcase name="variousHeadersAndNegotiations" time="0.001" classname="com.google.sitebricks.http.negotiate.WildcardNegotiatorTest"/>
  <testcase name="variousHeadersAndNegotiations" time="0.003" classname="com.google.sitebricks.http.negotiate.WildcardNegotiatorTest"/>
  <testcase name="variousHeadersAndNegotiations" time="0.001" classname="com.google.sitebricks.http.negotiate.WildcardNegotiatorTest"/>
  <testcase name="variousHeadersAndNegotiations" time="0.000" classname="com.google.sitebricks.http.negotiate.WildcardNegotiatorTest"/>
  <testcase name="variousHeadersAndNegotiations" time="0.001" classname="com.google.sitebricks.http.negotiate.WildcardNegotiatorTest"/>
  <testcase name="variousHeadersAndNegotiations" time="0.000" classname="com.google.sitebricks.http.negotiate.WildcardNegotiatorTest"/>
  <testcase name="variousHeadersAndNegotiations" time="0.001" classname="com.google.sitebricks.http.negotiate.WildcardNegotiatorTest"/>
  <testcase name="variousHeadersAndNegotiations" time="0.000" classname="com.google.sitebricks.http.negotiate.WildcardNegotiatorTest"/>
  <testcase name="variousHeadersAndNegotiations" time="0.001" classname="com.google.sitebricks.http.negotiate.WildcardNegotiatorTest"/>
  <testcase name="variousHeadersAndNegotiations" time="0.000" classname="com.google.sitebricks.http.negotiate.WildcardNegotiatorTest"/>
  <testcase name="variousHeadersAndNegotiations" time="0.001" classname="com.google.sitebricks.http.negotiate.WildcardNegotiatorTest"/>
  <testcase name="variousHeadersAndNegotiations" time="0.001" classname="com.google.sitebricks.http.negotiate.WildcardNegotiatorTest"/>
</testsuite> <!-- com.google.sitebricks.http.negotiate.WildcardNegotiatorTest -->
